---------------------------------------
Begin PBS Prologue Thu Nov 12 18:09:58 EST 2020
Job ID:     61127.sched-pace-ice.pace.gatech.edu
User ID:    hluu8
Job name:   ezCGP_problem_tensorflow_keras
Queue:      pace-ice
End PBS Prologue Thu Nov 12 18:09:58 EST 2020
---------------------------------------
Started on atl1-1-02-012-5-l.pace.gatech.edu
Setting seed, for file imports, to 9
2020-11-12 18:10:16.631684: I tensorflow/core/platform/cpu_feature_guard.cc:143] Your CPU supports instructions that this TensorFlow binary was not compiled to use: SSE4.1 SSE4.2 AVX AVX2 AVX512F FMA
2020-11-12 18:10:16.641713: I tensorflow/core/platform/profile_utils/cpu_utils.cc:102] CPU Frequency: 2700000000 Hz
2020-11-12 18:10:16.641902: I tensorflow/compiler/xla/service/service.cc:168] XLA service 0x55555ac08a70 initialized for platform Host (this does not guarantee that XLA will be used). Devices:
2020-11-12 18:10:16.641923: I tensorflow/compiler/xla/service/service.cc:176]   StreamExecutor device (0): Host, Default Version
2020-11-12 18:10:16.642012: I tensorflow/core/common_runtime/process_util.cc:147] Creating new thread pool with default inter op setting: 2. Tune using inter_op_parallelism_threads for best performance.
Epoch 1/10
6000/6000 - 886s - loss: 2.3039 - accuracy: 0.0000e+00 - precision: 0.0000e+00 - recall: 0.0000e+00 - val_loss: 2.3044 - val_accuracy: 0.0000e+00 - val_precision: 0.0000e+00 - val_recall: 0.0000e+00
Epoch 2/10
6000/6000 - 761s - loss: 2.3036 - accuracy: 0.0000e+00 - precision: 0.0000e+00 - recall: 0.0000e+00 - val_loss: 2.3034 - val_accuracy: 0.0000e+00 - val_precision: 0.0000e+00 - val_recall: 0.0000e+00
Epoch 3/10
6000/6000 - 971s - loss: 2.3035 - accuracy: 0.0000e+00 - precision: 0.0000e+00 - recall: 0.0000e+00 - val_loss: 2.3034 - val_accuracy: 0.0000e+00 - val_precision: 0.0000e+00 - val_recall: 0.0000e+00
Epoch 4/10
6000/6000 - 919s - loss: 2.3034 - accuracy: 0.0000e+00 - precision: 0.0000e+00 - recall: 0.0000e+00 - val_loss: 2.3033 - val_accuracy: 0.0000e+00 - val_precision: 0.0000e+00 - val_recall: 0.0000e+00
Epoch 5/10
6000/6000 - 795s - loss: 2.3033 - accuracy: 0.0000e+00 - precision: 0.0000e+00 - recall: 0.0000e+00 - val_loss: 2.3032 - val_accuracy: 0.0000e+00 - val_precision: 0.0000e+00 - val_recall: 0.0000e+00
Epoch 6/10
6000/6000 - 800s - loss: 2.3032 - accuracy: 0.0000e+00 - precision: 0.0000e+00 - recall: 0.0000e+00 - val_loss: 2.3035 - val_accuracy: 0.0000e+00 - val_precision: 0.0000e+00 - val_recall: 0.0000e+00
Epoch 7/10
6000/6000 - 756s - loss: 2.3032 - accuracy: 0.0000e+00 - precision: 0.0000e+00 - recall: 0.0000e+00 - val_loss: 2.3034 - val_accuracy: 0.0000e+00 - val_precision: 0.0000e+00 - val_recall: 0.0000e+00
Epoch 8/10
6000/6000 - 778s - loss: 2.3030 - accuracy: 0.0000e+00 - precision: 0.0000e+00 - recall: 0.0000e+00 - val_loss: 2.3037 - val_accuracy: 0.0000e+00 - val_precision: 0.0000e+00 - val_recall: 0.0000e+00
Epoch 9/10
6000/6000 - 785s - loss: 2.3032 - accuracy: 0.0000e+00 - precision: 0.0000e+00 - recall: 0.0000e+00 - val_loss: 2.3036 - val_accuracy: 0.0000e+00 - val_precision: 0.0000e+00 - val_recall: 0.0000e+00
Epoch 10/10
6000/6000 - 748s - loss: 2.3030 - accuracy: 0.0000e+00 - precision: 0.0000e+00 - recall: 0.0000e+00 - val_loss: 2.3031 - val_accuracy: 0.0000e+00 - val_precision: 0.0000e+00 - val_recall: 0.0000e+00
Epoch 1/10
6000/6000 - 701s - loss: 2.3060 - accuracy: 0.0000e+00 - precision: 0.0000e+00 - recall: 0.0000e+00 - val_loss: 2.3032 - val_accuracy: 0.0000e+00 - val_precision: 0.0000e+00 - val_recall: 0.0000e+00
Epoch 2/10
6000/6000 - 618s - loss: 2.3030 - accuracy: 0.0000e+00 - precision: 0.0000e+00 - recall: 0.0000e+00 - val_loss: 2.3028 - val_accuracy: 0.0000e+00 - val_precision: 0.0000e+00 - val_recall: 0.0000e+00
Epoch 3/10
6000/6000 - 618s - loss: 2.3029 - accuracy: 0.0000e+00 - precision: 0.0000e+00 - recall: 0.0000e+00 - val_loss: 2.3028 - val_accuracy: 0.0000e+00 - val_precision: 0.0000e+00 - val_recall: 0.0000e+00
Epoch 4/10
6000/6000 - 617s - loss: 2.3030 - accuracy: 0.0000e+00 - precision: 0.0000e+00 - recall: 0.0000e+00 - val_loss: 2.3033 - val_accuracy: 0.0000e+00 - val_precision: 0.0000e+00 - val_recall: 0.0000e+00
Epoch 5/10
6000/6000 - 618s - loss: 2.3029 - accuracy: 0.0000e+00 - precision: 0.0000e+00 - recall: 0.0000e+00 - val_loss: 2.3029 - val_accuracy: 0.0000e+00 - val_precision: 0.0000e+00 - val_recall: 0.0000e+00
Epoch 6/10
6000/6000 - 622s - loss: 2.3029 - accuracy: 0.0000e+00 - precision: 0.0000e+00 - recall: 0.0000e+00 - val_loss: 2.3030 - val_accuracy: 0.0000e+00 - val_precision: 0.0000e+00 - val_recall: 0.0000e+00
Epoch 7/10
6000/6000 - 622s - loss: 2.3030 - accuracy: 0.0000e+00 - precision: 0.0000e+00 - recall: 0.0000e+00 - val_loss: 2.3031 - val_accuracy: 0.0000e+00 - val_precision: 0.0000e+00 - val_recall: 0.0000e+00
Epoch 8/10
6000/6000 - 621s - loss: 2.3029 - accuracy: 0.0000e+00 - precision: 0.0000e+00 - recall: 0.0000e+00 - val_loss: 2.3035 - val_accuracy: 0.0000e+00 - val_precision: 0.0000e+00 - val_recall: 0.0000e+00
Epoch 9/10
6000/6000 - 622s - loss: 2.3029 - accuracy: 0.0000e+00 - precision: 0.0000e+00 - recall: 0.0000e+00 - val_loss: 2.3027 - val_accuracy: 0.0000e+00 - val_precision: 0.0000e+00 - val_recall: 0.0000e+00
Epoch 10/10
6000/6000 - 622s - loss: 2.3030 - accuracy: 0.0000e+00 - precision: 0.0000e+00 - recall: 0.0000e+00 - val_loss: 2.3030 - val_accuracy: 0.0000e+00 - val_precision: 0.0000e+00 - val_recall: 0.0000e+00
Epoch 1/10
6000/6000 - 2712s - loss: 2.3063 - accuracy: 0.0000e+00 - precision: 0.0000e+00 - recall: 0.0000e+00 - val_loss: 2.3014 - val_accuracy: 0.0000e+00 - val_precision: 0.0000e+00 - val_recall: 0.0000e+00
Epoch 2/10
6000/6000 - 2697s - loss: 2.2997 - accuracy: 0.0000e+00 - precision: 0.0000e+00 - recall: 0.0000e+00 - val_loss: 2.3046 - val_accuracy: 0.0000e+00 - val_precision: 0.0000e+00 - val_recall: 0.0000e+00
Epoch 3/10
6000/6000 - 2774s - loss: 2.2999 - accuracy: 0.0000e+00 - precision: 0.0000e+00 - recall: 0.0000e+00 - val_loss: 2.3037 - val_accuracy: 0.0000e+00 - val_precision: 0.0000e+00 - val_recall: 0.0000e+00
Epoch 4/10
6000/6000 - 2905s - loss: 2.2965 - accuracy: 0.0000e+00 - precision: 0.0000e+00 - recall: 0.0000e+00 - val_loss: 2.2977 - val_accuracy: 0.0000e+00 - val_precision: 0.0000e+00 - val_recall: 0.0000e+00
Epoch 5/10
6000/6000 - 2854s - loss: 2.2951 - accuracy: 0.0000e+00 - precision: 0.0000e+00 - recall: 0.0000e+00 - val_loss: 2.2943 - val_accuracy: 0.0000e+00 - val_precision: 0.0000e+00 - val_recall: 0.0000e+00
=>> PBS: job killed: walltime 28806 exceeded limit 28800
---------------------------------------
Begin PBS Epilogue Fri Nov 13 02:10:04 EST 2020
Job ID:     61127.sched-pace-ice.pace.gatech.edu
User ID:    hluu8
Job name:   ezCGP_problem_tensorflow_keras
Resources:  nodes=1:ppn=4,walltime=08:00:00,pmem=8gb,neednodes=1:ppn=4
Rsrc Used:  cput=31:50:30,vmem=9095704kb,walltime=08:00:06,mem=4983628kb,energy_used=0
Queue:      pace-ice
Nodes:     
atl1-1-02-012-5-l.pace.gatech.edu
End PBS Epilogue Fri Nov 13 02:10:14 EST 2020
---------------------------------------
