---------------------------------------
Begin PBS Prologue Mon Dec  2 19:04:07 EST 2019
Job ID:     7197.pace-ice-sched.pace.gatech.edu
User ID:    szhang460
Job name:   sam_ind_200_epochs
Queue:      pace-ice
End PBS Prologue Mon Dec  2 19:04:07 EST 2019
---------------------------------------
Started on rich133-c32-11-r.pace.gatech.edu
gcc(4):ERROR:105: Unable to locate a modulefile for 'gcc/4.8.0'
 =========================================================================
|                                                                         |
|       A note about this anaconda and modules: This version of           |
|       Anaconda doesn’t play well with modules - once you load the       |
|       this module treat this module as the the VERY last one to load.   |
|       We cannot undo changes that conda introduces, so start in a new   |
|       shell if you need to switch or re-load modules                    |
|                                                                         |
 =========================================================================
2019-12-02 19:04:15.895023: I tensorflow/core/platform/cpu_feature_guard.cc:141] Your CPU supports instructions that this TensorFlow binary was not compiled to use: SSE4.1 SSE4.2 AVX AVX2 FMA
2019-12-02 19:04:15.898923: I tensorflow/core/common_runtime/process_util.cc:69] Creating new thread pool with default inter op setting: 2. Tune using inter_op_parallelism_threads for best performance.
Train data shape: (1, 35000, 32, 32, 3)
Train labels shape: (35000,)
Validation data shape: (5000, 32, 32, 3)
Validation labels shape: (5000,)
Test data shape: (1, 10000, 32, 32, 3)
Test labels shape: (1, 10000)
Best Individual
arg_values: [4 64 16 2 7 1 7 7 5 7 7 3 0.021707817060205015 0.1707814108731827
 0.03515899132382307 0.06213363043058302 13 11 42 24]
curr_block isDead =  False
[-1, 0, 8, 15]
function at: -1 is: InputPlaceholder
function at: 0 is: {'ftn': <function random_horizontal_flip at 0x2aaae0055510>, 'inputs': [-1], 'args': [13]} and has arguments: [0.1707814108731827]
function at: 8 is: {'ftn': <function random_horizontal_flip at 0x2aaae0055510>, 'inputs': [0], 'args': [14]} and has arguments: [0.03515899132382307]
function at: 15 is: 8 -> likely an output node
arg_values: [16 4 512 512 1 5 1 5 5 7 7 5 0.10396312286092942 0.11807700663585947
 0.06897852829249365 0.14170916288297983 30 18 24 38]
curr_block isDead =  False
[-1, 0, 1]
function at: -1 is: InputPlaceholder
function at: 0 is: {'ftn': <function ceil_greyscale_norm at 0x2aaae00552f0>, 'inputs': [-1], 'args': []} and has arguments: []
function at: 1 is: 0 -> likely an output node
arg_values: [8 8 32 128 5 7 1 5 7 5 5 7 0.11051554010821293 0.05694504688333972
 0.18924806950381085 0.167187612999284 19 38 18 10]
curr_block isDead =  False
[-1, 1, 2, 3, 4, 5, 7, 8, 9, 11, 19, 25]
function at: -1 is: InputPlaceholder
function at: 1 is: {'ftn': <function avg_pool_layer at 0x2aaae0055950>, 'inputs': [-1], 'args': []} and has arguments: []
function at: 2 is: {'ftn': <function avg_pool_layer at 0x2aaae0055950>, 'inputs': [1], 'args': []} and has arguments: []
function at: 3 is: {'ftn': <function conv_block at 0x2aaae0055e18>, 'inputs': [-1], 'args': [2, 5]} and has arguments: [32 7]
function at: 4 is: {'ftn': <function concat_func at 0x2aaae0055c80>, 'inputs': [3, 1], 'args': []} and has arguments: []
function at: 5 is: {'ftn': <function sum_func at 0x2aaae0055d08>, 'inputs': [-1, -1], 'args': []} and has arguments: []
function at: 7 is: {'ftn': <function max_pool_layer at 0x2aaae00558c8>, 'inputs': [2], 'args': []} and has arguments: []
function at: 8 is: {'ftn': <function avg_pool_layer at 0x2aaae0055950>, 'inputs': [5], 'args': []} and has arguments: []
function at: 9 is: {'ftn': <function sum_func at 0x2aaae0055d08>, 'inputs': [7, 4], 'args': []} and has arguments: []
function at: 11 is: {'ftn': <function sum_func at 0x2aaae0055d08>, 'inputs': [9, 8], 'args': []} and has arguments: []
function at: 19 is: {'ftn': <function res_block at 0x2aaae0055ea0>, 'inputs': [11], 'args': [0, 5, 1, 7]} and has arguments: [8 7 8 5]
function at: 25 is: 19 -> likely an output node
Active nodes [-1, 0, 8, 15]
function at: -1 is: InputPlaceholder
function at: 0 is: {'ftn': <function random_horizontal_flip at 0x2aaae0055510>, 'inputs': [-1], 'args': [13]} and has arguments: [0.1707814108731827]
function at: 8 is: {'ftn': <function random_horizontal_flip at 0x2aaae0055510>, 'inputs': [0], 'args': [14]} and has arguments: [0.03515899132382307]
function at: 15 is: 8 -> likely an output node
block_input: (1, 40000, 32, 32, 3)
[3 2 6 ... 8 1 4]
Active nodes [-1, 0, 1]
function at: -1 is: InputPlaceholder
function at: 0 is: {'ftn': <function ceil_greyscale_norm at 0x2aaae00552f0>, 'inputs': [-1], 'args': []} and has arguments: []
function at: 1 is: 0 -> likely an output node
block_input: (1, 48477, 32, 32, 3)
[3 2 6 ... 8 1 4]
Active nodes [-1, 1, 2, 3, 4, 5, 7, 8, 9, 11, 19, 25]
function at: -1 is: InputPlaceholder
function at: 1 is: {'ftn': <function avg_pool_layer at 0x2aaae0055950>, 'inputs': [-1], 'args': []} and has arguments: []
function at: 2 is: {'ftn': <function avg_pool_layer at 0x2aaae0055950>, 'inputs': [1], 'args': []} and has arguments: []
function at: 3 is: {'ftn': <function conv_block at 0x2aaae0055e18>, 'inputs': [-1], 'args': [2, 5]} and has arguments: [32 7]
function at: 4 is: {'ftn': <function concat_func at 0x2aaae0055c80>, 'inputs': [3, 1], 'args': []} and has arguments: []
function at: 5 is: {'ftn': <function sum_func at 0x2aaae0055d08>, 'inputs': [-1, -1], 'args': []} and has arguments: []
function at: 7 is: {'ftn': <function max_pool_layer at 0x2aaae00558c8>, 'inputs': [2], 'args': []} and has arguments: []
function at: 8 is: {'ftn': <function avg_pool_layer at 0x2aaae0055950>, 'inputs': [5], 'args': []} and has arguments: []
function at: 9 is: {'ftn': <function sum_func at 0x2aaae0055d08>, 'inputs': [7, 4], 'args': []} and has arguments: []
function at: 11 is: {'ftn': <function sum_func at 0x2aaae0055d08>, 'inputs': [9, 8], 'args': []} and has arguments: []
function at: 19 is: {'ftn': <function res_block at 0x2aaae0055ea0>, 'inputs': [11], 'args': [0, 5, 1, 7]} and has arguments: [8 7 8 5]
function at: 25 is: 19 -> likely an output node
block_input: (1, 48477, 32, 32, 3)
Epoch completed. epoch_loss: 99.27962708473206
Epoch completed. epoch_loss: 79.29637658596039
Epoch completed. epoch_loss: 72.32136815786362
Epoch completed. epoch_loss: 68.50565534830093
Epoch completed. epoch_loss: 65.81661121547222
Epoch completed. epoch_loss: 63.63842807710171
Epoch completed. epoch_loss: 61.865304082632065
Epoch completed. epoch_loss: 60.38651388883591
Epoch completed. epoch_loss: 59.07506833225489
Epoch completed. epoch_loss: 57.976930640637875
Epoch completed. epoch_loss: 56.98081016540527
Epoch completed. epoch_loss: 56.08432698994875
Epoch completed. epoch_loss: 55.31170579791069
Epoch completed. epoch_loss: 54.55180508643389
Epoch completed. epoch_loss: 53.852469861507416
Epoch completed. epoch_loss: 53.1275574490428
Epoch completed. epoch_loss: 52.531559996306896
Epoch completed. epoch_loss: 51.94158422201872
Epoch completed. epoch_loss: 51.46315996348858
Epoch completed. epoch_loss: 51.029988676309586
Epoch completed. epoch_loss: 50.47040602564812
Epoch completed. epoch_loss: 50.058433912694454
Epoch completed. epoch_loss: 49.62256773561239
Epoch completed. epoch_loss: 49.24030052125454
Epoch completed. epoch_loss: 48.940925627946854
Epoch completed. epoch_loss: 48.57314995676279
Epoch completed. epoch_loss: 48.22761707752943
Epoch completed. epoch_loss: 47.88896131515503
Epoch completed. epoch_loss: 47.55781874060631
Epoch completed. epoch_loss: 47.296439692378044
Epoch completed. epoch_loss: 47.079278506338596
Epoch completed. epoch_loss: 46.82302851974964
Epoch completed. epoch_loss: 46.55052325874567
Epoch completed. epoch_loss: 46.348028406500816
Epoch completed. epoch_loss: 46.028240628540516
Epoch completed. epoch_loss: 45.76542739570141
Epoch completed. epoch_loss: 45.58471119403839
Epoch completed. epoch_loss: 45.35974042862654
Epoch completed. epoch_loss: 45.05751580744982
Epoch completed. epoch_loss: 44.86533883959055
Epoch completed. epoch_loss: 44.628965973854065
Epoch completed. epoch_loss: 44.38714972883463
Epoch completed. epoch_loss: 44.148946821689606
Epoch completed. epoch_loss: 44.00420852005482
Epoch completed. epoch_loss: 43.81655555218458
Epoch completed. epoch_loss: 43.65808939933777
Epoch completed. epoch_loss: 43.43052668124437
Epoch completed. epoch_loss: 43.270161762833595
Epoch completed. epoch_loss: 43.06891231238842
Epoch completed. epoch_loss: 42.9389917626977
Epoch completed. epoch_loss: 42.72009635716677
Epoch completed. epoch_loss: 42.57837860286236
Epoch completed. epoch_loss: 42.426177099347115
Epoch completed. epoch_loss: 42.2373086437583
Epoch completed. epoch_loss: 42.11329188197851
Epoch completed. epoch_loss: 41.94769912958145
Epoch completed. epoch_loss: 41.78265056759119
Epoch completed. epoch_loss: 41.66615267843008
Epoch completed. epoch_loss: 41.50102332979441
Epoch completed. epoch_loss: 41.37538629770279
Epoch completed. epoch_loss: 41.27415306121111
Epoch completed. epoch_loss: 41.11827036738396
Epoch completed. epoch_loss: 41.01130045950413
Epoch completed. epoch_loss: 40.934162132442
Epoch completed. epoch_loss: 40.841915018856525
Epoch completed. epoch_loss: 40.71338775008917
Epoch completed. epoch_loss: 40.639185115695
Epoch completed. epoch_loss: 40.5771918669343
Epoch completed. epoch_loss: 40.46299884468317
Epoch completed. epoch_loss: 40.343021623790264
Epoch completed. epoch_loss: 40.25611258298159
Epoch completed. epoch_loss: 40.21976847201586
Epoch completed. epoch_loss: 40.06554929167032
Epoch completed. epoch_loss: 39.948572643101215
Epoch completed. epoch_loss: 39.890489622950554
Epoch completed. epoch_loss: 39.83032066375017
Epoch completed. epoch_loss: 39.644129775464535
Epoch completed. epoch_loss: 39.590797267854214
Epoch completed. epoch_loss: 39.481945149600506
Epoch completed. epoch_loss: 39.40775077790022
Epoch completed. epoch_loss: 39.32397535443306
Epoch completed. epoch_loss: 39.21902292966843
Epoch completed. epoch_loss: 39.15020817518234
Epoch completed. epoch_loss: 39.049928456544876
Epoch completed. epoch_loss: 39.03185636550188
Epoch completed. epoch_loss: 38.934718780219555
Epoch completed. epoch_loss: 38.84991126507521
Epoch completed. epoch_loss: 38.77289395034313
Epoch completed. epoch_loss: 38.70031204074621
Epoch completed. epoch_loss: 38.63534324616194
Epoch completed. epoch_loss: 38.55760849267244
Epoch completed. epoch_loss: 38.503128200769424
Epoch completed. epoch_loss: 38.43233830481768
Epoch completed. epoch_loss: 38.360976688563824
Epoch completed. epoch_loss: 38.29974837601185
Epoch completed. epoch_loss: 38.22283824533224
Epoch completed. epoch_loss: 38.14373517036438
Epoch completed. epoch_loss: 38.0624180957675
Epoch completed. epoch_loss: 38.02237479388714
Epoch completed. epoch_loss: 37.93877627700567
Epoch completed. epoch_loss: 37.89164734631777
Epoch completed. epoch_loss: 37.8109200373292
Epoch completed. epoch_loss: 37.74498043209314
Epoch completed. epoch_loss: 37.684914112091064
Epoch completed. epoch_loss: 37.57376655936241
Epoch completed. epoch_loss: 37.48274541646242
Epoch completed. epoch_loss: 37.41058050841093
Epoch completed. epoch_loss: 37.32259429991245
Epoch completed. epoch_loss: 37.30000565201044
Epoch completed. epoch_loss: 37.22143857181072
Epoch completed. epoch_loss: 37.109567418694496
Epoch completed. epoch_loss: 37.044637866318226
Epoch completed. epoch_loss: 36.95691142231226
Epoch completed. epoch_loss: 36.90284824371338
Epoch completed. epoch_loss: 36.85451255738735
Epoch completed. epoch_loss: 36.78849013149738
Epoch completed. epoch_loss: 36.70959993451834
Epoch completed. epoch_loss: 36.70393768697977
Epoch completed. epoch_loss: 36.6417546197772
Epoch completed. epoch_loss: 36.62080677598715
Epoch completed. epoch_loss: 36.583537213504314
Epoch completed. epoch_loss: 36.494246527552605
Epoch completed. epoch_loss: 36.39041259884834
Epoch completed. epoch_loss: 36.361733958125114
Epoch completed. epoch_loss: 36.26993477344513
Epoch completed. epoch_loss: 36.23104839026928
Epoch completed. epoch_loss: 36.13192326575518
Epoch completed. epoch_loss: 36.08601924777031
Epoch completed. epoch_loss: 36.005759716033936
Epoch completed. epoch_loss: 35.935119941830635
Epoch completed. epoch_loss: 35.902148082852364
Epoch completed. epoch_loss: 35.84149168431759
Epoch completed. epoch_loss: 35.78291714191437
Epoch completed. epoch_loss: 35.727493673563
Epoch completed. epoch_loss: 35.66766742616892
Epoch completed. epoch_loss: 35.64494185894728
Epoch completed. epoch_loss: 35.61131238937378
Epoch completed. epoch_loss: 35.54018283635378
Epoch completed. epoch_loss: 35.496907494962215
Epoch completed. epoch_loss: 35.4789609387517
Epoch completed. epoch_loss: 35.464825846254826
Epoch completed. epoch_loss: 35.41420574486256
Epoch completed. epoch_loss: 35.4202973395586
Epoch completed. epoch_loss: 35.36152804270387
Epoch completed. epoch_loss: 35.303458638489246
Epoch completed. epoch_loss: 35.28840945288539
Epoch completed. epoch_loss: 35.2509241104126
Epoch completed. epoch_loss: 35.23566044121981
Epoch completed. epoch_loss: 35.20770534127951
Epoch completed. epoch_loss: 35.16518495604396
Epoch completed. epoch_loss: 35.13182519003749
Epoch completed. epoch_loss: 35.10829386860132
Epoch completed. epoch_loss: 35.04743903130293
Epoch completed. epoch_loss: 35.014180578291416
Epoch completed. epoch_loss: 34.968642860651016
Epoch completed. epoch_loss: 34.89634832367301
Epoch completed. epoch_loss: 34.86365418881178
Epoch completed. epoch_loss: 34.84196978807449
Epoch completed. epoch_loss: 34.799538511782885
Epoch completed. epoch_loss: 34.73422859981656
Epoch completed. epoch_loss: 34.70250326767564
Epoch completed. epoch_loss: 34.664334543049335
Epoch completed. epoch_loss: 34.62789289653301
Epoch completed. epoch_loss: 34.581402730196714
Epoch completed. epoch_loss: 34.559214271605015
Epoch completed. epoch_loss: 34.515014097094536
Epoch completed. epoch_loss: 34.465838972479105
Epoch completed. epoch_loss: 34.388306088745594
Epoch completed. epoch_loss: 34.39206873625517
Epoch completed. epoch_loss: 34.33730863034725
Epoch completed. epoch_loss: 34.34522385895252
Epoch completed. epoch_loss: 34.26064993441105
Epoch completed. epoch_loss: 34.205259919166565
Epoch completed. epoch_loss: 34.13974121585488
Epoch completed. epoch_loss: 34.08723974600434
Epoch completed. epoch_loss: 34.05857929214835
Epoch completed. epoch_loss: 34.00568409264088
Epoch completed. epoch_loss: 33.952116664499044
Epoch completed. epoch_loss: 33.93401565402746
Epoch completed. epoch_loss: 33.87022411450744
Epoch completed. epoch_loss: 33.80458017811179
Epoch completed. epoch_loss: 33.77466778457165
Epoch completed. epoch_loss: 33.76270420849323
Epoch completed. epoch_loss: 33.739737793803215
Epoch completed. epoch_loss: 33.709432657808065
Epoch completed. epoch_loss: 33.68102327734232
Epoch completed. epoch_loss: 33.64118925482035
Epoch completed. epoch_loss: 33.60520029067993
Epoch completed. epoch_loss: 33.566145189106464
Epoch completed. epoch_loss: 33.5098017975688
Epoch completed. epoch_loss: 33.474431939423084
Epoch completed. epoch_loss: 33.47448727488518
Epoch completed. epoch_loss: 33.46441453322768
Epoch completed. epoch_loss: 33.4236273355782
Epoch completed. epoch_loss: 33.36639115959406
Epoch completed. epoch_loss: 33.38898979127407
Epoch completed. epoch_loss: 33.33590715751052
Epoch completed. epoch_loss: 33.324718687683344
Epoch completed. epoch_loss: 33.3130654245615
Epoch completed. epoch_loss: 33.25685869157314
Epoch completed. epoch_loss: 33.26660429313779
Epoch completed. epoch_loss: 33.26361447572708
Epoch completed. epoch_loss: 33.19486577063799
Epoch completed. epoch_loss: 33.19019669666886
Epoch completed. epoch_loss: 33.15903212502599
Epoch completed. epoch_loss: 33.14509740844369
Epoch completed. epoch_loss: 33.102352656424046
Epoch completed. epoch_loss: 33.079952381551266
Epoch completed. epoch_loss: 33.06330158188939
Epoch completed. epoch_loss: 33.005954921245575
Epoch completed. epoch_loss: 32.98008191213012
Epoch completed. epoch_loss: 32.97613036632538
Epoch completed. epoch_loss: 32.9844492636621
Epoch completed. epoch_loss: 32.909969966858625
Epoch completed. epoch_loss: 32.88677615299821
Epoch completed. epoch_loss: 32.89958395063877
Epoch completed. epoch_loss: 32.853565506637096
Epoch completed. epoch_loss: 32.86891821399331
Epoch completed. epoch_loss: 32.78211070224643
Epoch completed. epoch_loss: 32.7623798660934
Epoch completed. epoch_loss: 32.75044382363558
Epoch completed. epoch_loss: 32.720301903784275
Epoch completed. epoch_loss: 32.66061161458492
Epoch completed. epoch_loss: 32.67778147011995
Epoch completed. epoch_loss: 32.63886634260416
Epoch completed. epoch_loss: 32.61930385231972
Epoch completed. epoch_loss: 32.556251276284456
Epoch completed. epoch_loss: 32.540975227952
Epoch completed. epoch_loss: 32.50724405422807
Epoch completed. epoch_loss: 32.51241209357977
Epoch completed. epoch_loss: 32.449018366634846
Epoch completed. epoch_loss: 32.449151910841465
Epoch completed. epoch_loss: 32.40767339617014
Epoch completed. epoch_loss: 32.350681867450476
Epoch completed. epoch_loss: 32.321316715329885
Epoch completed. epoch_loss: 32.276818349957466
Epoch completed. epoch_loss: 32.29803649708629
Epoch completed. epoch_loss: 32.2289334051311
Epoch completed. epoch_loss: 32.24508819356561
Epoch completed. epoch_loss: 32.217280458658934
Epoch completed. epoch_loss: 32.152065847069025
Epoch completed. epoch_loss: 32.13434153422713
Epoch completed. epoch_loss: 32.09579707309604
Epoch completed. epoch_loss: 32.10201736539602
Epoch completed. epoch_loss: 32.01141266897321
Epoch completed. epoch_loss: 32.02458335459232
Epoch completed. epoch_loss: 31.950400840491056
Epoch completed. epoch_loss: 31.904670860618353
Epoch completed. epoch_loss: 31.94179504364729
Epoch completed. epoch_loss: 31.86801080778241
Epoch completed. epoch_loss: 31.860387593507767
Epoch completed. epoch_loss: 31.83333659544587
Epoch completed. epoch_loss: 31.804100323468447
Epoch completed. epoch_loss: 31.834040075540543
Epoch completed. epoch_loss: 31.81607436388731
Epoch completed. epoch_loss: 31.769244205206633
Epoch completed. epoch_loss: 31.760920394212008
Epoch completed. epoch_loss: 31.755137145519257
Epoch completed. epoch_loss: 31.6986076682806
Epoch completed. epoch_loss: 31.669758901000023
Epoch completed. epoch_loss: 31.67860835790634
Epoch completed. epoch_loss: 31.64855682849884
Epoch completed. epoch_loss: 31.612060613930225
Epoch completed. epoch_loss: 31.619042217731476
Epoch completed. epoch_loss: 31.539791617542505
Epoch completed. epoch_loss: 31.538297824561596
Epoch completed. epoch_loss: 31.56157246977091
Epoch completed. epoch_loss: 31.49137359112501
Epoch completed. epoch_loss: 31.47832991182804
Epoch completed. epoch_loss: 31.45957490056753
Epoch completed. epoch_loss: 31.433567989617586
Epoch completed. epoch_loss: 31.402937162667513
Epoch completed. epoch_loss: 31.391929980367422
Epoch completed. epoch_loss: 31.338654316961765
Epoch completed. epoch_loss: 31.294149234890938
Epoch completed. epoch_loss: 31.31919652968645
Epoch completed. epoch_loss: 31.272727467119694
Epoch completed. epoch_loss: 31.22616693750024
Epoch completed. epoch_loss: 31.205320179462433
Epoch completed. epoch_loss: 31.154292855411768
Epoch completed. epoch_loss: 31.153074257075787
Epoch completed. epoch_loss: 31.163721296936274
Epoch completed. epoch_loss: 31.117380309849977
Epoch completed. epoch_loss: 31.09721327200532
Epoch completed. epoch_loss: 31.09852820262313
Epoch completed. epoch_loss: 31.070052471011877
Epoch completed. epoch_loss: 31.01941319182515
Epoch completed. epoch_loss: 31.038019310683012
Epoch completed. epoch_loss: 31.021197013556957
Epoch completed. epoch_loss: 30.974301043897867
Epoch completed. epoch_loss: 31.015707477927208
Epoch completed. epoch_loss: 31.00300183147192
Epoch completed. epoch_loss: 30.965731669217348
Epoch completed. epoch_loss: 30.954584009945393
Epoch completed. epoch_loss: 31.047169104218483
Epoch completed. epoch_loss: 30.998858463019133
Epoch completed. epoch_loss: 30.97563962265849
Epoch completed. epoch_loss: 30.882994566112757
Epoch completed. epoch_loss: 30.88380340486765
Epoch completed. epoch_loss: 30.94510553404689
Epoch completed. epoch_loss: 30.8415947817266
Epoch completed. epoch_loss: 30.836564611643553
Epoch completed. epoch_loss: 30.847756072878838
Epoch completed. epoch_loss: 30.767922218888998
Epoch completed. epoch_loss: 30.81647002696991
Epoch completed. epoch_loss: 30.73828061670065
Epoch completed. epoch_loss: 30.687851276248693
Epoch completed. epoch_loss: 30.715755756944418
Epoch completed. epoch_loss: 30.680721417069435
Epoch completed. epoch_loss: 30.61822583153844
Epoch completed. epoch_loss: 30.63651668652892
Epoch completed. epoch_loss: 30.63056607544422
Epoch completed. epoch_loss: 30.608806159347296
Epoch completed. epoch_loss: 30.503369130194187
Epoch completed. epoch_loss: 30.578060887753963
Epoch completed. epoch_loss: 30.49044533446431
Epoch completed. epoch_loss: 30.488907538354397
Epoch completed. epoch_loss: 30.446289524435997
Epoch completed. epoch_loss: 30.421065501868725
Epoch completed. epoch_loss: 30.450670570135117
Epoch completed. epoch_loss: 30.432127829641104
Epoch completed. epoch_loss: 30.409228675067425
Epoch completed. epoch_loss: 30.424652006477118
Epoch completed. epoch_loss: 30.43909389898181
Epoch completed. epoch_loss: 30.35337358340621
Epoch completed. epoch_loss: 30.33411129564047
Epoch completed. epoch_loss: 30.35939583927393
Epoch completed. epoch_loss: 30.314293846488
Epoch completed. epoch_loss: 30.29062408953905
Epoch completed. epoch_loss: 30.28832434117794
Epoch completed. epoch_loss: 30.283839493989944
Epoch completed. epoch_loss: 30.24475371092558
Epoch completed. epoch_loss: 30.232706271111965
Epoch completed. epoch_loss: 30.179091837257147
Epoch completed. epoch_loss: 30.20457137003541
Epoch completed. epoch_loss: 30.1678354665637
Epoch completed. epoch_loss: 30.087134316563606
Epoch completed. epoch_loss: 30.082596469670534
Epoch completed. epoch_loss: 30.08793605491519
Epoch completed. epoch_loss: 30.074415039271116
Epoch completed. epoch_loss: 30.05340365692973
Epoch completed. epoch_loss: 30.021432548761368
Epoch completed. epoch_loss: 30.110946774482727
Epoch completed. epoch_loss: 30.070412941277027
Epoch completed. epoch_loss: 30.037130814045668
Epoch completed. epoch_loss: 30.046001207083464
Epoch completed. epoch_loss: 29.927710339426994
Epoch completed. epoch_loss: 29.92416639626026
Epoch completed. epoch_loss: 29.957874655723572
Epoch completed. epoch_loss: 30.06227257475257
Epoch completed. epoch_loss: 30.034036718308926
Epoch completed. epoch_loss: 30.026493150740862
Epoch completed. epoch_loss: 29.873415753245354
Epoch completed. epoch_loss: 29.89025877416134
Epoch completed. epoch_loss: 29.927551541477442
Epoch completed. epoch_loss: 29.90448697283864
Epoch completed. epoch_loss: 29.790827710181475
Epoch completed. epoch_loss: 29.803181253373623
Epoch completed. epoch_loss: 29.685247160494328
Epoch completed. epoch_loss: 29.670237559825182
Epoch completed. epoch_loss: 29.661203861236572
Epoch completed. epoch_loss: 29.86076334118843
Epoch completed. epoch_loss: 29.653305128216743
Epoch completed. epoch_loss: 29.664552479982376
Epoch completed. epoch_loss: 29.677441753447056
Epoch completed. epoch_loss: 29.696829419583082
Epoch completed. epoch_loss: 29.599185969680548
Epoch completed. epoch_loss: 29.50858833640814
Epoch completed. epoch_loss: 29.51533404365182
Epoch completed. epoch_loss: 29.637657910585403
Epoch completed. epoch_loss: 29.57763761281967
Epoch completed. epoch_loss: 29.514339666813612
Epoch completed. epoch_loss: 29.4808439463377
Epoch completed. epoch_loss: 29.522002529352903
Epoch completed. epoch_loss: 29.432946290820837
Epoch completed. epoch_loss: 29.40915334224701
Epoch completed. epoch_loss: 29.50358035415411
Epoch completed. epoch_loss: 29.593294348567724
Epoch completed. epoch_loss: 29.5603609085083
Epoch completed. epoch_loss: 29.46281500533223
Epoch completed. epoch_loss: 29.43132096901536
Epoch completed. epoch_loss: 29.45270686596632
Epoch completed. epoch_loss: 29.443594947457314
Epoch completed. epoch_loss: 29.41565838828683
Epoch completed. epoch_loss: 29.402297478169203
Epoch completed. epoch_loss: 29.336378533393145
Epoch completed. epoch_loss: 29.313606534153223
Epoch completed. epoch_loss: 29.297572996467352
Epoch completed. epoch_loss: 29.386716093868017
Epoch completed. epoch_loss: 29.396273277699947
Epoch completed. epoch_loss: 29.33063420280814
Epoch completed. epoch_loss: 29.253159001469612
Epoch completed. epoch_loss: 29.234410773962736
Epoch completed. epoch_loss: 29.18116871267557
Epoch completed. epoch_loss: 29.332465182989836
Epoch completed. epoch_loss: 29.222434133291245
Epoch completed. epoch_loss: 29.229734670370817
Epoch completed. epoch_loss: 29.220907501876354
Epoch completed. epoch_loss: 29.2912668697536
Epoch completed. epoch_loss: 29.09598770737648
Epoch completed. epoch_loss: 29.08550188690424
Epoch completed. epoch_loss: 28.983920246362686
Epoch completed. epoch_loss: 28.96818996593356
Epoch completed. epoch_loss: 29.038262512534857
Epoch completed. epoch_loss: 29.17993478104472
Epoch completed. epoch_loss: 29.04556629434228
Epoch completed. epoch_loss: 29.01970036700368
Epoch completed. epoch_loss: 29.292941488325596
Epoch completed. epoch_loss: 29.136638768017292
Epoch completed. epoch_loss: 28.98646278679371
Epoch completed. epoch_loss: 29.03269073739648
Epoch completed. epoch_loss: 28.954360783100128
Epoch completed. epoch_loss: 29.150983434170485
Epoch completed. epoch_loss: 28.935269005596638
Epoch completed. epoch_loss: 29.028293389827013
Epoch completed. epoch_loss: 28.947146330028772
Epoch completed. epoch_loss: 28.95950112864375
Epoch completed. epoch_loss: 28.79250567778945
Epoch completed. epoch_loss: 28.87862741574645
Epoch completed. epoch_loss: 28.927013412117958
Epoch completed. epoch_loss: 28.84573396667838
Epoch completed. epoch_loss: 28.833260532468557
Epoch completed. epoch_loss: 28.74140340089798
Epoch completed. epoch_loss: 28.712388552725315
Epoch completed. epoch_loss: 28.66824771463871
Epoch completed. epoch_loss: 28.810433704406023
Epoch completed. epoch_loss: 28.680154029279947
Epoch completed. epoch_loss: 28.640929747372866
Epoch completed. epoch_loss: 28.625188156962395
Epoch completed. epoch_loss: 28.668476536870003
Epoch completed. epoch_loss: 28.662270840257406
Epoch completed. epoch_loss: 28.59636341407895
Epoch completed. epoch_loss: 28.641971495002508
Epoch completed. epoch_loss: 28.699397813528776
Epoch completed. epoch_loss: 28.705077104270458
Epoch completed. epoch_loss: 28.609545219689608
Epoch completed. epoch_loss: 28.596119169145823
Epoch completed. epoch_loss: 28.590344574302435
Epoch completed. epoch_loss: 28.592351775616407
Epoch completed. epoch_loss: 28.523768335580826
Epoch completed. epoch_loss: 28.66688296198845
Epoch completed. epoch_loss: 28.678015984594822
Epoch completed. epoch_loss: 28.64491442963481
Epoch completed. epoch_loss: 28.71709230914712
Epoch completed. epoch_loss: 28.465762723237276
Epoch completed. epoch_loss: 28.47216348722577
Epoch completed. epoch_loss: 28.368999399244785
Epoch completed. epoch_loss: 28.40900632366538
Epoch completed. epoch_loss: 28.493166211992502
Epoch completed. epoch_loss: 28.529884852468967
Epoch completed. epoch_loss: 28.415399253368378
Epoch completed. epoch_loss: 28.25809809193015
Epoch completed. epoch_loss: 28.1860921792686
Epoch completed. epoch_loss: 28.197527550160885
Epoch completed. epoch_loss: 28.19533907994628
Epoch completed. epoch_loss: 28.135916233062744
Epoch completed. epoch_loss: 28.310845620930195
Epoch completed. epoch_loss: 28.506898805499077
Epoch completed. epoch_loss: 28.301111351698637
Epoch completed. epoch_loss: 28.137503806501627
Epoch completed. epoch_loss: 28.193406458944082
Epoch completed. epoch_loss: 28.15881435200572
Epoch completed. epoch_loss: 28.087579805403948
Epoch completed. epoch_loss: 28.03573940694332
Epoch completed. epoch_loss: 28.08729838952422
Epoch completed. epoch_loss: 28.324620354920626
Epoch completed. epoch_loss: 28.224536139518023
Epoch completed. epoch_loss: 28.069533921778202
Epoch completed. epoch_loss: 27.99446677789092
Epoch completed. epoch_loss: 27.977697897702456
Epoch completed. epoch_loss: 27.980811093002558
Epoch completed. epoch_loss: 28.328699454665184
Epoch completed. epoch_loss: 28.16266207024455
Epoch completed. epoch_loss: 28.01719595491886
Epoch completed. epoch_loss: 28.034966845065355
Epoch completed. epoch_loss: 28.07317177578807
Epoch completed. epoch_loss: 28.047722533345222
Epoch completed. epoch_loss: 28.04310517758131
Epoch completed. epoch_loss: 28.16268801316619
Epoch completed. epoch_loss: 28.009598087519407
Epoch completed. epoch_loss: 27.949963096529245
Epoch completed. epoch_loss: 27.931712821125984
Epoch completed. epoch_loss: 28.02076192945242
Epoch completed. epoch_loss: 27.897460881620646
Epoch completed. epoch_loss: 27.96208579465747
Epoch completed. epoch_loss: 27.911521028727293
Epoch completed. epoch_loss: 27.843883246183395
Epoch completed. epoch_loss: 27.854588076472282
Epoch completed. epoch_loss: 27.919362612068653
Epoch completed. epoch_loss: 27.917434222996235
Epoch completed. epoch_loss: 27.910367492586374
Epoch completed. epoch_loss: 27.910404585301876
Epoch completed. epoch_loss: 27.84176018834114
Epoch completed. epoch_loss: 27.950260374695063
Epoch completed. epoch_loss: 27.96725269034505
Epoch completed. epoch_loss: 27.843636091798544
Epoch completed. epoch_loss: 27.833505533635616
Epoch completed. epoch_loss: 27.739704113453627
Epoch completed. epoch_loss: 27.720130931586027
Epoch completed. epoch_loss: 27.788659650832415
Time to evaluate 24528.46718978882
final fitness (0.34330000000000005, 0.34509216213929694)
---------------------------------------
Begin PBS Epilogue Tue Dec  3 01:53:02 EST 2019
Job ID:     7197.pace-ice-sched.pace.gatech.edu
User ID:    szhang460
Job name:   sam_ind_200_epochs
Resources:  neednodes=1:ppn=18,nodes=1:ppn=18,walltime=12:00:00
Rsrc Used:  cput=06:47:56,energy_used=0,mem=21449776kb,vmem=23682852kb,walltime=06:48:55
Queue:      pace-ice
Nodes:     
rich133-c32-11-r.pace.gatech.edu
End PBS Epilogue Tue Dec  3 01:53:02 EST 2019
---------------------------------------
