---------------------------------------
Begin PBS Prologue Mon Dec 16 09:37:12 EST 2019
Job ID:     7405.pace-ice-sched.pace.gatech.edu
User ID:    szhang460
Job name:   sam_200_epochs_gpu
Queue:      pace-ice-gpu
End PBS Prologue Mon Dec 16 09:37:12 EST 2019
---------------------------------------
Started on rich133-h29-11.pace.gatech.edu
gcc(4):ERROR:105: Unable to locate a modulefile for 'gcc/4.8.0'
 =========================================================================
|                                                                         |
|       A note about this anaconda and modules: This version of           |
|       Anaconda doesn’t play well with modules - once you load the       |
|       this module treat this module as the the VERY last one to load.   |
|       We cannot undo changes that conda introduces, so start in a new   |
|       shell if you need to switch or re-load modules                    |
|                                                                         |
 =========================================================================
Mon Dec 16 09:37:13 2019       
+-----------------------------------------------------------------------------+
| NVIDIA-SMI 390.30                 Driver Version: 390.30                    |
|-------------------------------+----------------------+----------------------+
| GPU  Name        Persistence-M| Bus-Id        Disp.A | Volatile Uncorr. ECC |
| Fan  Temp  Perf  Pwr:Usage/Cap|         Memory-Usage | GPU-Util  Compute M. |
|===============================+======================+======================|
|   0  Tesla V100-PCIE...  On   | 00000000:02:00.0 Off |                    0 |
| N/A   33C    P0    23W / 250W |      0MiB / 16160MiB |      0%   E. Process |
+-------------------------------+----------------------+----------------------+
                                                                               
+-----------------------------------------------------------------------------+
| Processes:                                                       GPU Memory |
|  GPU       PID   Type   Process name                             Usage      |
|=============================================================================|
|  No running processes found                                                 |
+-----------------------------------------------------------------------------+
2019-12-16 09:37:25.896318: I tensorflow/core/platform/cpu_feature_guard.cc:141] Your CPU supports instructions that this TensorFlow binary was not compiled to use: SSE4.1 SSE4.2 AVX AVX2 FMA
2019-12-16 09:37:26.159590: I tensorflow/core/common_runtime/gpu/gpu_device.cc:1432] Found device 0 with properties: 
name: Tesla V100-PCIE-16GB major: 7 minor: 0 memoryClockRate(GHz): 1.38
pciBusID: 0000:02:00.0
totalMemory: 15.78GiB freeMemory: 15.36GiB
2019-12-16 09:37:26.159632: I tensorflow/core/common_runtime/gpu/gpu_device.cc:1511] Adding visible gpu devices: 0
2019-12-16 09:37:26.446858: I tensorflow/core/common_runtime/gpu/gpu_device.cc:982] Device interconnect StreamExecutor with strength 1 edge matrix:
2019-12-16 09:37:26.446899: I tensorflow/core/common_runtime/gpu/gpu_device.cc:988]      0 
2019-12-16 09:37:26.446905: I tensorflow/core/common_runtime/gpu/gpu_device.cc:1001] 0:   N 
2019-12-16 09:37:26.447205: I tensorflow/core/common_runtime/gpu/gpu_device.cc:1115] Created TensorFlow device (/job:localhost/replica:0/task:0/device:GPU:0 with 14862 MB memory) -> physical GPU (device: 0, name: Tesla V100-PCIE-16GB, pci bus id: 0000:02:00.0, compute capability: 7.0)
Train data shape: (1, 35000, 32, 32, 3)
Train labels shape: (35000,)
Validation data shape: (5000, 32, 32, 3)
Validation labels shape: (5000,)
Test data shape: (1, 10000, 32, 32, 3)
Test labels shape: (1, 10000)
Best Individual
Original fitness: (0.21599999999999997, 0.21399435438183934) 

arg_values: [16 128 128 2 3 1 1 7 7 3 7 3 0.05936010031524439 0.03754424573225033
 0.016148253752974972 0.147688059239794 23 21 11 40]
curr_block isDead =  False
[-1, 0, 1, 2, 7, 26, 34, 43, 50]
function at: -1 is: InputPlaceholder
function at: 0 is: {'ftn': <function add_salt_pepper_noise at 0x2aab28548400>, 'inputs': [-1], 'args': [15]} and has arguments: [0.147688059239794]
function at: 1 is: {'ftn': <function add_gausian_noise at 0x2aab285482f0>, 'inputs': [0], 'args': [12]} and has arguments: [0.05936010031524439]
function at: 2 is: {'ftn': <function add_gausian_noise at 0x2aab285482f0>, 'inputs': [1], 'args': [13]} and has arguments: [0.03754424573225033]
function at: 7 is: {'ftn': <function add_gausian_noise at 0x2aab285482f0>, 'inputs': [2], 'args': [13]} and has arguments: [0.03754424573225033]
function at: 26 is: {'ftn': <function add_gausian_noise at 0x2aab285482f0>, 'inputs': [7], 'args': [13]} and has arguments: [0.03754424573225033]
function at: 34 is: {'ftn': <function random_horizontal_flip at 0x2aab285481e0>, 'inputs': [26], 'args': [13]} and has arguments: [0.03754424573225033]
function at: 43 is: {'ftn': <function random_horizontal_flip at 0x2aab285481e0>, 'inputs': [34], 'args': [12]} and has arguments: [0.05936010031524439]
function at: 50 is: 43 -> likely an output node
arg_values: [4 64 16 2 5 3 1 7 5 3 3 3 0.005431654016031229 0.060149027271615155
 0.04194737133677677 0.09341608364147322 13 13 33 15]
curr_block isDead =  False
[-1, 0, 1]
function at: -1 is: InputPlaceholder
function at: 0 is: {'ftn': <function ceil_greyscale_norm at 0x2aab28546f28>, 'inputs': [-1], 'args': []} and has arguments: []
function at: 1 is: 0 -> likely an output node
arg_values: [16 256 32 2 3 1 5 7 7 5 5 5 0.08445880091545646 0.19702106790252483
 0.043027024752980834 0.011332964179295546 35 32 47 34]
curr_block isDead =  False
[-1, 0, 2, 6, 12, 50]
function at: -1 is: InputPlaceholder
function at: 0 is: {'ftn': <function res_block at 0x2aab28548b70>, 'inputs': [-1], 'args': [3, 7, 0, 7]} and has arguments: [2 7 16 7]
function at: 2 is: {'ftn': <function max_pool_layer at 0x2aab28548598>, 'inputs': [0], 'args': []} and has arguments: []
function at: 6 is: {'ftn': <function conv_block at 0x2aab28548ae8>, 'inputs': [2], 'args': [0, 4]} and has arguments: [16 3]
function at: 12 is: {'ftn': <function conv_block at 0x2aab28548ae8>, 'inputs': [6], 'args': [0, 7]} and has arguments: [16 7]
function at: 50 is: 12 -> likely an output node
Active nodes [-1, 0, 1, 2, 7, 26, 34, 43, 50]
function at: -1 is: InputPlaceholder
function at: 0 is: {'ftn': <function add_salt_pepper_noise at 0x2aab28548400>, 'inputs': [-1], 'args': [15]} and has arguments: [0.147688059239794]
function at: 1 is: {'ftn': <function add_gausian_noise at 0x2aab285482f0>, 'inputs': [0], 'args': [12]} and has arguments: [0.05936010031524439]
function at: 2 is: {'ftn': <function add_gausian_noise at 0x2aab285482f0>, 'inputs': [1], 'args': [13]} and has arguments: [0.03754424573225033]
function at: 7 is: {'ftn': <function add_gausian_noise at 0x2aab285482f0>, 'inputs': [2], 'args': [13]} and has arguments: [0.03754424573225033]
function at: 26 is: {'ftn': <function add_gausian_noise at 0x2aab285482f0>, 'inputs': [7], 'args': [13]} and has arguments: [0.03754424573225033]
function at: 34 is: {'ftn': <function random_horizontal_flip at 0x2aab285481e0>, 'inputs': [26], 'args': [13]} and has arguments: [0.03754424573225033]
function at: 43 is: {'ftn': <function random_horizontal_flip at 0x2aab285481e0>, 'inputs': [34], 'args': [12]} and has arguments: [0.05936010031524439]
function at: 50 is: 43 -> likely an output node
block_input: (1, 40000, 32, 32, 3)
[3 2 6 ... 6 3 5]
Active nodes [-1, 0, 1]
function at: -1 is: InputPlaceholder
function at: 0 is: {'ftn': <function ceil_greyscale_norm at 0x2aab28546f28>, 'inputs': [-1], 'args': []} and has arguments: []
function at: 1 is: 0 -> likely an output node
block_input: (1, 59700, 32, 32, 3)
[3 2 6 ... 6 3 5]
Active nodes [-1, 0, 2, 6, 12, 50]
function at: -1 is: InputPlaceholder
function at: 0 is: {'ftn': <function res_block at 0x2aab28548b70>, 'inputs': [-1], 'args': [3, 7, 0, 7]} and has arguments: [2 7 16 7]
function at: 2 is: {'ftn': <function max_pool_layer at 0x2aab28548598>, 'inputs': [0], 'args': []} and has arguments: []
function at: 6 is: {'ftn': <function conv_block at 0x2aab28548ae8>, 'inputs': [2], 'args': [0, 4]} and has arguments: [16 3]
function at: 12 is: {'ftn': <function conv_block at 0x2aab28548ae8>, 'inputs': [6], 'args': [0, 7]} and has arguments: [16 7]
function at: 50 is: 12 -> likely an output node
block_input: (1, 59700, 32, 32, 3)
Epoch completed. epoch_loss: 110.61822260916233
Epoch completed. epoch_loss: 86.88870041072369
Epoch completed. epoch_loss: 77.4528694525361
Epoch completed. epoch_loss: 71.470623023808
Epoch completed. epoch_loss: 67.0428186878562
Epoch completed. epoch_loss: 63.42341326922178
Epoch completed. epoch_loss: 60.28260812908411
Epoch completed. epoch_loss: 57.53427851945162
Epoch completed. epoch_loss: 54.97982105612755
Epoch completed. epoch_loss: 52.862247072160244
Epoch completed. epoch_loss: 50.95294028520584
Epoch completed. epoch_loss: 49.23474645242095
Epoch completed. epoch_loss: 47.79440465196967
Epoch completed. epoch_loss: 46.71232469007373
Epoch completed. epoch_loss: 45.76766185835004
Epoch completed. epoch_loss: 44.473957017064095
Epoch completed. epoch_loss: 43.048655446618795
Epoch completed. epoch_loss: 41.96261029317975
Epoch completed. epoch_loss: 41.15615580230951
Epoch completed. epoch_loss: 40.449896182864904
Epoch completed. epoch_loss: 39.55270481668413
Epoch completed. epoch_loss: 38.52367359213531
Epoch completed. epoch_loss: 37.47663343697786
Epoch completed. epoch_loss: 36.42884812131524
Epoch completed. epoch_loss: 35.60433675721288
Epoch completed. epoch_loss: 34.90736795403063
Epoch completed. epoch_loss: 34.11994167417288
Epoch completed. epoch_loss: 33.43890246190131
Epoch completed. epoch_loss: 32.58896508254111
Epoch completed. epoch_loss: 31.860606215894222
Epoch completed. epoch_loss: 31.04096041060984
Epoch completed. epoch_loss: 30.36760869435966
Epoch completed. epoch_loss: 29.818865148350596
Epoch completed. epoch_loss: 29.45378771238029
Epoch completed. epoch_loss: 29.485379783436656
Epoch completed. epoch_loss: 30.24290489964187
Epoch completed. epoch_loss: 31.303248634561896
Epoch completed. epoch_loss: 31.41201496310532
Epoch completed. epoch_loss: 30.554447531700134
Epoch completed. epoch_loss: 29.368407011032104
Epoch completed. epoch_loss: 28.136641338467598
Epoch completed. epoch_loss: 27.049850277602673
Epoch completed. epoch_loss: 26.0900473035872
Epoch completed. epoch_loss: 25.279243651777506
Epoch completed. epoch_loss: 24.5822109375149
Epoch completed. epoch_loss: 23.968666504137218
Epoch completed. epoch_loss: 23.409041853621602
Epoch completed. epoch_loss: 22.977299145422876
Epoch completed. epoch_loss: 22.61956318002194
Epoch completed. epoch_loss: 22.417001622729003
Epoch completed. epoch_loss: 22.652167219668627
Epoch completed. epoch_loss: 23.270969159901142
Epoch completed. epoch_loss: 23.960299390368164
Epoch completed. epoch_loss: 25.166610177606344
Epoch completed. epoch_loss: 25.350194388069212
Epoch completed. epoch_loss: 24.786942639388144
Epoch completed. epoch_loss: 23.62296553887427
Epoch completed. epoch_loss: 22.55785694345832
Epoch completed. epoch_loss: 21.631015456281602
Epoch completed. epoch_loss: 20.846943724900484
Epoch completed. epoch_loss: 20.19399118423462
Epoch completed. epoch_loss: 19.602731737308204
Epoch completed. epoch_loss: 19.126598642207682
Epoch completed. epoch_loss: 18.779264446347952
Epoch completed. epoch_loss: 18.61558903940022
Epoch completed. epoch_loss: 18.571496128104627
Epoch completed. epoch_loss: 18.84720512200147
Epoch completed. epoch_loss: 19.010157784447074
Epoch completed. epoch_loss: 19.5278099803254
Epoch completed. epoch_loss: 20.131906224414706
Epoch completed. epoch_loss: 20.529208892956376
Epoch completed. epoch_loss: 20.259978731162846
Epoch completed. epoch_loss: 19.57708637509495
Epoch completed. epoch_loss: 18.496313037350774
Epoch completed. epoch_loss: 17.503535866737366
Epoch completed. epoch_loss: 16.76019562687725
Epoch completed. epoch_loss: 16.14191851206124
Epoch completed. epoch_loss: 15.726080361753702
Epoch completed. epoch_loss: 15.497562310192734
Epoch completed. epoch_loss: 15.381435319315642
Epoch completed. epoch_loss: 15.486029720399529
Epoch completed. epoch_loss: 15.874579934868962
Epoch completed. epoch_loss: 16.473420664668083
Epoch completed. epoch_loss: 17.472708552144468
Epoch completed. epoch_loss: 18.22438621148467
Epoch completed. epoch_loss: 18.58502201270312
Epoch completed. epoch_loss: 18.0623947288841
Epoch completed. epoch_loss: 17.523701939731836
Epoch completed. epoch_loss: 16.924003527499735
Epoch completed. epoch_loss: 16.434236602392048
Epoch completed. epoch_loss: 16.203696323558688
Epoch completed. epoch_loss: 16.14890164276585
Epoch completed. epoch_loss: 16.089538524392992
Epoch completed. epoch_loss: 16.109639670699835
Epoch completed. epoch_loss: 16.286033149808645
Epoch completed. epoch_loss: 16.289852888323367
Epoch completed. epoch_loss: 16.32266554562375
Epoch completed. epoch_loss: 16.24526070803404
Epoch completed. epoch_loss: 16.142604005523026
Epoch completed. epoch_loss: 16.00163115048781
Time to evaluate 248.86569499969482
final fitness (0.40349999999999997, 0.40573891374257154)
---------------------------------------
Begin PBS Epilogue Mon Dec 16 09:41:36 EST 2019
Job ID:     7405.pace-ice-sched.pace.gatech.edu
User ID:    szhang460
Job name:   sam_200_epochs_gpu
Resources:  neednodes=1:ppn=8:gpus=1:exclusive_process,nodes=1:ppn=8:gpus=1:exclusive_process,pmem=14gb,walltime=08:00:00
Rsrc Used:  cput=00:03:34,energy_used=0,mem=9347104kb,vmem=32297964kb,walltime=00:04:24
Queue:      pace-ice-gpu
Nodes:     
rich133-h29-11.pace.gatech.edu
End PBS Epilogue Mon Dec 16 09:41:36 EST 2019
---------------------------------------
